[33m√î√ò¬ª[39m Building...
[32m√î¬£√∂[39m Building...
Application bundle generation failed. [18.545 seconds] - 2026-01-31T14:51:47.055Z

√î√ª‚ñì [WARNING] Expected identifier but found "-" [css-syntax-error]

    src/styles.css:3212:4:
      3212 √î√∂√©     -: |;
           √î√≤√Å     ^


X [ERROR] TS2307: Cannot find module 'primeng/dropdown' or its corresponding type declarations. [plugin angular-compiler]

    src/app/features/admin/pages/audit-logs/audit-logs.component.ts:7:31:
      7 √î√∂√© import { DropdownModule } from 'primeng/dropdown';
        √î√≤√Å                                ~~~~~~~~~~~~~~~~~~


X [ERROR] TS2307: Cannot find module 'primeng/calendar' or its corresponding type declarations. [plugin angular-compiler]

    src/app/features/admin/pages/audit-logs/audit-logs.component.ts:8:31:
      8 √î√∂√© import { CalendarModule } from 'primeng/calendar';
        √î√≤√Å                                ~~~~~~~~~~~~~~~~~~


X [ERROR] NG1010: 'imports' must be an array of components, directives, pipes, or NgModules.
  Value could not be determined statically. [plugin angular-compiler]

    src/app/features/admin/pages/audit-logs/audit-logs.component.ts:27:4:
      27 √î√∂√©     DropdownModule,
         √î√≤√Å     ~~~~~~~~~~~~~~

  Unknown reference.

    src/app/features/admin/pages/audit-logs/audit-logs.component.ts:27:4:
      27 √î√∂√©     DropdownModule,
         √î√≤√Å     ~~~~~~~~~~~~~~


X [ERROR] NG1010: 'imports' must be an array of components, directives, pipes, or NgModules.
  Value could not be determined statically. [plugin angular-compiler]

    src/app/features/admin/pages/audit-logs/audit-logs.component.ts:28:4:
      28 √î√∂√©     CalendarModule,
         √î√≤√Å     ~~~~~~~~~~~~~~

  Unknown reference.

    src/app/features/admin/pages/audit-logs/audit-logs.component.ts:28:4:
      28 √î√∂√©     CalendarModule,
         √î√≤√Å     ~~~~~~~~~~~~~~


X [ERROR] Could not resolve "primeng/dropdown"

    src/app/features/admin/pages/audit-logs/audit-logs.component.ts:7:31:
      7 √î√∂√© import { DropdownModule } from 'primeng/dropdown';
        √î√≤√Å                                ~~~~~~~~~~~~~~~~~~

  The path "./dropdown" is not exported by package "primeng":

    node_modules/primeng/package.json:47:13:
      47 √î√∂√©   "exports": {
         √î√≤√Å              ^

  You can mark the path "primeng/dropdown" as external to exclude it from the bundle, which will remove this error and leave the unresolved path in the bundle.


X [ERROR] Could not resolve "primeng/calendar"

    src/app/features/admin/pages/audit-logs/audit-logs.component.ts:8:31:
      8 √î√∂√© import { CalendarModule } from 'primeng/calendar';
        √î√≤√Å                                ~~~~~~~~~~~~~~~~~~

  The path "./calendar" is not exported by package "primeng":

    node_modules/primeng/package.json:47:13:
      47 √î√∂√©   "exports": {
         √î√≤√Å              ^

  You can mark the path "primeng/calendar" as external to exclude it from the bundle, which will remove this error and leave the unresolved path in the bundle.


